2026-02-22 15:05:45.263 | INFO     | __main__:main:23 - running the application...
2026-02-22 15:05:45.270 | INFO     | model.model_builder:train_model:40 - checking the existance of model config file at model\models/rf_db_v3
2026-02-22 15:05:45.271 | INFO     | model.pipeline.model:build_model:34 - starting up model building pipeline
2026-02-22 15:05:45.271 | INFO     | model.pipeline.preparation:prepare_data:26 - starting up preprocessing pipeline
2026-02-22 15:05:45.271 | INFO     | model.pipeline.collection:load_data_from_db:26 - extracting the table from the database
2026-02-22 15:05:45.297 | INFO     | model.pipeline.preparation:_encode_cat_cols:43 - encoding categorical columns: ['balcony', 'parking', 'furnished', 'garage', 'storage']
2026-02-22 15:05:45.303 | INFO     | model.pipeline.preparation:_parse_garden_col:61 - pasring garden column
2026-02-22 15:05:45.305 | INFO     | model.pipeline.model:_get_x_y:83 - defining X and Y variables. X vars: ['area', 'constraction_year', 'bedrooms', 'garden', 'balcony_yes', 'parking_yes', 'furnished_yes', 'garage_yes', 'storage_yes']; y var: rent
2026-02-22 15:05:45.305 | INFO     | model.pipeline.model:_split_train_test:101 - splitting data into train and test sets
2026-02-22 15:05:45.307 | INFO     | model.pipeline.model:_train_model:123 - training a model with hyperparameters
2026-02-22 15:06:21.748 | INFO     | model.pipeline.model:_evaluate_model:163 - evaluating model performance. SCORE=0.7980797335503342
2026-02-22 15:06:21.748 | INFO     | model.pipeline.model:_save_model:178 - saving a model to a directory: model\models/rf_db_v3
2026-02-22 15:27:46.518 | INFO     | __main__:main:23 - running the application...
2026-02-22 15:27:46.518 | INFO     | model.model_inference:load_model:44 - checking the existance of model config file at model\models/rf_db_v3
2026-02-22 15:27:46.518 | INFO     | model.model_inference:load_model:57 - model model\models exists! -> loading model configuration file
2026-02-22 15:27:48.669 | INFO     | model.model_inference:predict:78 - making prediction!
2026-02-22 15:27:48.695 | INFO     | __main__:main:39 - prediction = [2026.25217262]
2026-02-22 15:28:20.818 | INFO     | __main__:main:23 - running the application...
2026-02-22 15:28:20.831 | INFO     | model.model_inference:load_model:44 - checking the existance of model config file at model\models/rf_db_v3
2026-02-22 15:28:20.831 | ERROR    | __main__:<module>:43 - An error has been caught in function '<module>', process 'MainProcess' (10664), thread 'MainThread' (14820):
Traceback (most recent call last):

> File "C:\Users\Rohan\ml_prod\src\runner_inference.py", line 43, in <module>
    main()
    └ <function main at 0x0000023839E642C0>

  File "C:\Users\Rohan\ml_prod\src\runner_inference.py", line 25, in main
    ml_svc.load_model()
    │      └ <function ModelInferenceService.load_model at 0x000002383AA64720>
    └ <model.model_inference.ModelInferenceService object at 0x000002383AA14800>

  File "C:\Users\Rohan\ml_prod\src\model\model_inference.py", line 54, in load_model
    raise FileNotFoundError("Model file does not exist")

FileNotFoundError: Model file does not exist
2026-02-22 15:29:57.763 | INFO     | __main__:main:23 - running the application...
2026-02-22 15:29:57.763 | INFO     | model.model_builder:train_model:40 - checking the existance of model config file at model\models/rf_db_v3
2026-02-22 15:29:57.763 | INFO     | model.pipeline.model:build_model:34 - starting up model building pipeline
2026-02-22 15:29:57.763 | INFO     | model.pipeline.preparation:prepare_data:26 - starting up preprocessing pipeline
2026-02-22 15:29:57.763 | INFO     | model.pipeline.collection:load_data_from_db:26 - extracting the table from the database
2026-02-22 15:29:57.794 | INFO     | model.pipeline.preparation:_encode_cat_cols:43 - encoding categorical columns: ['balcony', 'parking', 'furnished', 'garage', 'storage']
2026-02-22 15:29:57.821 | INFO     | model.pipeline.preparation:_parse_garden_col:61 - pasring garden column
2026-02-22 15:29:57.823 | INFO     | model.pipeline.model:_get_x_y:83 - defining X and Y variables. X vars: ['area', 'constraction_year', 'bedrooms', 'garden', 'balcony_yes', 'parking_yes', 'furnished_yes', 'garage_yes', 'storage_yes']; y var: rent
2026-02-22 15:29:57.825 | INFO     | model.pipeline.model:_split_train_test:101 - splitting data into train and test sets
2026-02-22 15:29:57.825 | INFO     | model.pipeline.model:_train_model:123 - training a model with hyperparameters
2026-02-22 15:30:33.639 | INFO     | model.pipeline.model:_evaluate_model:163 - evaluating model performance. SCORE=0.632890393855718
2026-02-22 15:30:33.639 | INFO     | model.pipeline.model:_save_model:178 - saving a model to a directory: model\models/rf_db_v3
2026-02-22 15:30:40.521 | INFO     | __main__:main:23 - running the application...
2026-02-22 15:30:40.522 | INFO     | model.model_inference:load_model:44 - checking the existance of model config file at model\models/rf_db_v3
2026-02-22 15:30:40.522 | INFO     | model.model_inference:load_model:57 - model model\models exists! -> loading model configuration file
2026-02-22 15:30:41.597 | INFO     | model.model_inference:predict:78 - making prediction!
2026-02-22 15:30:41.597 | INFO     | __main__:main:39 - prediction = [1992.38697421]
